{
  message: 'Database connected',
  level: 'info',
  label: 'right now!',
  timestamp: '2023-11-12T12:24:37.349Z'
}
{
  message: 'Application is listening on port 5000',
  level: 'info',
  label: 'right now!',
  timestamp: '2023-11-12T12:24:37.363Z'
}
{
  message: 'Database connected',
  level: 'info',
  label: 'University Management App',
  timestamp: '2023-11-12T12:25:57.486Z'
}
{
  message: 'Application is listening on port 5000',
  level: 'info',
  label: 'University Management App',
  timestamp: '2023-11-12T12:25:57.498Z'
}
{
  message: 'Database connected',
  level: 'info',
  label: 'University Management App',
  timestamp: '2023-11-12T12:27:18.057Z'
}
{
  message: 'Application is listening on port 5000',
  level: 'info',
  label: 'University Management App',
  timestamp: '2023-11-12T12:27:18.076Z'
}
