{
  message: 'Database connected',
  level: 'info',
  label: 'University Management App',
  timestamp: '2023-11-13T17:08:57.826Z'
}
{
  message: 'Application is listening on port 5000',
  level: 'info',
  label: 'University Management App',
  timestamp: '2023-11-13T17:08:57.839Z'
}
{
  message: 'Database connected',
  level: 'info',
  label: 'University Management App',
  timestamp: '2023-11-13T17:09:52.258Z'
}
{
  message: 'Application is listening on port 5000',
  level: 'info',
  label: 'University Management App',
  timestamp: '2023-11-13T17:09:52.270Z'
}
{
  message: 'Database connected',
  level: 'info',
  label: 'University Management App',
  timestamp: '2023-11-13T17:38:34.459Z'
}
{
  message: 'Application is listening on port 5000',
  level: 'info',
  label: 'University Management App',
  timestamp: '2023-11-13T17:38:34.579Z'
}
{
  message: 'Database connected',
  level: 'info',
  label: 'University Management App',
  timestamp: '2023-11-13T17:52:15.980Z'
}
{
  message: 'Application is listening on port 5000',
  level: 'info',
  label: 'University Management App',
  timestamp: '2023-11-13T17:52:15.991Z'
}
{
  message: 'Database connected',
  level: 'info',
  label: 'University Management App',
  timestamp: '2023-11-13T17:52:37.237Z'
}
{
  message: 'Application is listening on port 5000',
  level: 'info',
  label: 'University Management App',
  timestamp: '2023-11-13T17:52:37.265Z'
}
{
  message: 'Database connected',
  level: 'info',
  label: 'University Management App',
  timestamp: '2023-11-13T17:58:43.043Z'
}
{
  message: 'Application is listening on port 5000',
  level: 'info',
  label: 'University Management App',
  timestamp: '2023-11-13T17:58:43.056Z'
}
