{
  message: 'Database connected',
  level: 'info',
  label: 'University Management App',
  timestamp: '2023-11-14T09:27:55.209Z'
}
{
  message: 'Application is listening on port 5000',
  level: 'info',
  label: 'University Management App',
  timestamp: '2023-11-14T09:27:55.222Z'
}
{
  message: 'Database connected',
  level: 'info',
  label: 'University Management App',
  timestamp: '2023-11-14T09:28:34.071Z'
}
{
  message: 'Application is listening on port 5000',
  level: 'info',
  label: 'University Management App',
  timestamp: '2023-11-14T09:28:34.082Z'
}
{
  message: 'Database connected',
  level: 'info',
  label: 'University Management App',
  timestamp: '2023-11-14T09:30:21.817Z'
}
{
  message: 'Application is listening on port 5000',
  level: 'info',
  label: 'University Management App',
  timestamp: '2023-11-14T09:30:21.838Z'
}
{
  message: 'Database connected',
  level: 'info',
  label: 'University Management App',
  timestamp: '2023-11-14T09:41:13.786Z'
}
{
  message: 'Application is listening on port 5000',
  level: 'info',
  label: 'University Management App',
  timestamp: '2023-11-14T09:41:13.799Z'
}
{
  message: 'Database connected',
  level: 'info',
  label: 'University Management App',
  timestamp: '2023-11-14T09:47:14.555Z'
}
{
  message: 'Application is listening on port 5000',
  level: 'info',
  label: 'University Management App',
  timestamp: '2023-11-14T09:47:14.574Z'
}
{
  message: 'Database connected',
  level: 'info',
  label: 'University Management App',
  timestamp: '2023-11-14T09:47:57.474Z'
}
{
  message: 'Application is listening on port 5000',
  level: 'info',
  label: 'University Management App',
  timestamp: '2023-11-14T09:47:57.486Z'
}
