{
  message: 'Database connected',
  level: 'info',
  label: 'University Management App',
  timestamp: '2023-11-14T10:55:40.260Z'
}
{
  message: 'Application is listening on port 5000',
  level: 'info',
  label: 'University Management App',
  timestamp: '2023-11-14T10:55:40.276Z'
}
{
  message: 'Database connected',
  level: 'info',
  label: 'University Management App',
  timestamp: '2023-11-14T10:58:25.644Z'
}
{
  message: 'Application is listening on port 5000',
  level: 'info',
  label: 'University Management App',
  timestamp: '2023-11-14T10:58:25.660Z'
}
